2024-02-17 07:35:37 - INFO - The configuration is: {'model_params': {'model_name': 'resnet18', 'pretrained': True, 'num_classes': 100}, 'trainig_params': {'batch_size': 32, 'num_epochs': 5, 'learning_rate': 0.0001, 'weight_decay': 0.0001, 'momentum': 0.9}, 'run_dir': 'runs', 'data_dir': '/projectnb/ds598/projects/xthomas/data', 'run_path': 'runs/resnet18_bs_32_lr_0.0001_wd_0.0001_epochs_5', 'log_file': 'runs/resnet18_bs_32_lr_0.0001_wd_0.0001_epochs_5/training.log'}
2024-02-17 07:36:11 - INFO - At Epoch 0: Loss: 3.089, Accuracy: 16.46%
2024-02-17 07:36:14 - INFO - At Epoch 0: Accuracy of the network on the test images: 24.34%
2024-02-17 07:36:14 - INFO - Best Test Accuracy so far: 24.34%
2024-02-17 07:36:14 - INFO - Saving the model
2024-02-17 07:36:45 - INFO - At Epoch 1: Loss: 2.125, Accuracy: 28.00%
2024-02-17 07:36:48 - INFO - At Epoch 1: Accuracy of the network on the test images: 32.12%
2024-02-17 07:36:48 - INFO - Best Test Accuracy so far: 32.12%
2024-02-17 07:36:48 - INFO - Saving the model
2024-02-17 07:37:19 - INFO - At Epoch 2: Loss: 1.909, Accuracy: 32.25%
2024-02-17 07:37:22 - INFO - At Epoch 2: Accuracy of the network on the test images: 36.31%
2024-02-17 07:37:22 - INFO - Best Test Accuracy so far: 36.31%
2024-02-17 07:37:22 - INFO - Saving the model
2024-02-17 07:37:53 - INFO - At Epoch 3: Loss: 1.795, Accuracy: 35.44%
2024-02-17 07:37:56 - INFO - At Epoch 3: Accuracy of the network on the test images: 38.55%
2024-02-17 07:37:56 - INFO - Best Test Accuracy so far: 38.55%
2024-02-17 07:37:56 - INFO - Saving the model
2024-02-17 07:38:27 - INFO - At Epoch 4: Loss: 1.726, Accuracy: 37.23%
2024-02-17 07:38:30 - INFO - At Epoch 4: Accuracy of the network on the test images: 39.59%
2024-02-17 07:38:30 - INFO - Best Test Accuracy so far: 39.59%
2024-02-17 07:38:30 - INFO - Saving the model
2024-02-17 07:38:30 - INFO - Finished Training
