2024-02-17 07:35:27 - INFO - The configuration is: {'model_params': {'model_name': 'resnet18', 'pretrained': True, 'num_classes': 100}, 'trainig_params': {'batch_size': 64, 'num_epochs': 5, 'learning_rate': 0.0001, 'weight_decay': 0.0001, 'momentum': 0.9}, 'run_dir': 'runs', 'data_dir': '/projectnb/ds598/projects/xthomas/data', 'run_path': 'runs/resnet18_bs_64_lr_0.0001_wd_0.0001_epochs_5', 'log_file': 'runs/resnet18_bs_64_lr_0.0001_wd_0.0001_epochs_5/training.log'}
2024-02-17 07:35:59 - INFO - At Epoch 0: Loss: 3.924, Accuracy: 11.11%
2024-02-17 07:36:01 - INFO - At Epoch 0: Accuracy of the network on the test images: 19.12%
2024-02-17 07:36:01 - INFO - Best Test Accuracy so far: 19.12%
2024-02-17 07:36:01 - INFO - Saving the model
2024-02-17 07:36:31 - INFO - At Epoch 1: Loss: 2.592, Accuracy: 23.17%
2024-02-17 07:36:34 - INFO - At Epoch 1: Accuracy of the network on the test images: 25.57%
2024-02-17 07:36:34 - INFO - Best Test Accuracy so far: 25.57%
2024-02-17 07:36:34 - INFO - Saving the model
2024-02-17 07:37:04 - INFO - At Epoch 2: Loss: 2.168, Accuracy: 27.08%
2024-02-17 07:37:06 - INFO - At Epoch 2: Accuracy of the network on the test images: 28.72%
2024-02-17 07:37:06 - INFO - Best Test Accuracy so far: 28.72%
2024-02-17 07:37:06 - INFO - Saving the model
2024-02-17 07:37:36 - INFO - At Epoch 3: Loss: 2.003, Accuracy: 29.78%
2024-02-17 07:37:39 - INFO - At Epoch 3: Accuracy of the network on the test images: 31.67%
2024-02-17 07:37:39 - INFO - Best Test Accuracy so far: 31.67%
2024-02-17 07:37:39 - INFO - Saving the model
2024-02-17 07:38:08 - INFO - At Epoch 4: Loss: 1.909, Accuracy: 31.79%
2024-02-17 07:38:11 - INFO - At Epoch 4: Accuracy of the network on the test images: 34.80%
2024-02-17 07:38:11 - INFO - Best Test Accuracy so far: 34.80%
2024-02-17 07:38:11 - INFO - Saving the model
2024-02-17 07:38:11 - INFO - Finished Training
