2024-02-17 07:35:27 - INFO - The configuration is: {'model_params': {'model_name': 'resnet18', 'pretrained': True, 'num_classes': 100}, 'trainig_params': {'batch_size': 64, 'num_epochs': 10, 'learning_rate': 0.0001, 'weight_decay': 0.0001, 'momentum': 0.9}, 'run_dir': 'runs', 'data_dir': '/projectnb/ds598/projects/xthomas/data', 'run_path': 'runs/resnet18_bs_64_lr_0.0001_wd_0.0001_epochs_10', 'log_file': 'runs/resnet18_bs_64_lr_0.0001_wd_0.0001_epochs_10/training.log'}
2024-02-17 07:36:00 - INFO - At Epoch 0: Loss: 3.864, Accuracy: 12.45%
2024-02-17 07:36:03 - INFO - At Epoch 0: Accuracy of the network on the test images: 19.50%
2024-02-17 07:36:03 - INFO - Best Test Accuracy so far: 19.50%
2024-02-17 07:36:03 - INFO - Saving the model
2024-02-17 07:36:34 - INFO - At Epoch 1: Loss: 2.602, Accuracy: 22.04%
2024-02-17 07:36:37 - INFO - At Epoch 1: Accuracy of the network on the test images: 23.79%
2024-02-17 07:36:37 - INFO - Best Test Accuracy so far: 23.79%
2024-02-17 07:36:37 - INFO - Saving the model
2024-02-17 07:37:09 - INFO - At Epoch 2: Loss: 2.190, Accuracy: 26.17%
2024-02-17 07:37:12 - INFO - At Epoch 2: Accuracy of the network on the test images: 28.39%
2024-02-17 07:37:12 - INFO - Best Test Accuracy so far: 28.39%
2024-02-17 07:37:12 - INFO - Saving the model
2024-02-17 07:37:43 - INFO - At Epoch 3: Loss: 2.020, Accuracy: 29.40%
2024-02-17 07:37:45 - INFO - At Epoch 3: Accuracy of the network on the test images: 31.29%
2024-02-17 07:37:45 - INFO - Best Test Accuracy so far: 31.29%
2024-02-17 07:37:45 - INFO - Saving the model
2024-02-17 07:38:14 - INFO - At Epoch 4: Loss: 1.920, Accuracy: 31.79%
2024-02-17 07:38:17 - INFO - At Epoch 4: Accuracy of the network on the test images: 33.46%
2024-02-17 07:38:17 - INFO - Best Test Accuracy so far: 33.46%
2024-02-17 07:38:17 - INFO - Saving the model
2024-02-17 07:38:46 - INFO - At Epoch 5: Loss: 1.853, Accuracy: 33.49%
2024-02-17 07:38:49 - INFO - At Epoch 5: Accuracy of the network on the test images: 35.17%
2024-02-17 07:38:49 - INFO - Best Test Accuracy so far: 35.17%
2024-02-17 07:38:49 - INFO - Saving the model
2024-02-17 07:39:18 - INFO - At Epoch 6: Loss: 1.802, Accuracy: 34.64%
2024-02-17 07:39:21 - INFO - At Epoch 6: Accuracy of the network on the test images: 36.46%
2024-02-17 07:39:21 - INFO - Best Test Accuracy so far: 36.46%
2024-02-17 07:39:21 - INFO - Saving the model
2024-02-17 07:39:50 - INFO - At Epoch 7: Loss: 1.762, Accuracy: 35.78%
2024-02-17 07:39:52 - INFO - At Epoch 7: Accuracy of the network on the test images: 37.83%
2024-02-17 07:39:52 - INFO - Best Test Accuracy so far: 37.83%
2024-02-17 07:39:52 - INFO - Saving the model
2024-02-17 07:40:22 - INFO - At Epoch 8: Loss: 1.728, Accuracy: 36.83%
2024-02-17 07:40:25 - INFO - At Epoch 8: Accuracy of the network on the test images: 38.52%
2024-02-17 07:40:25 - INFO - Best Test Accuracy so far: 38.52%
2024-02-17 07:40:25 - INFO - Saving the model
2024-02-17 07:40:54 - INFO - At Epoch 9: Loss: 1.700, Accuracy: 37.84%
2024-02-17 07:40:56 - INFO - At Epoch 9: Accuracy of the network on the test images: 39.41%
2024-02-17 07:40:56 - INFO - Best Test Accuracy so far: 39.41%
2024-02-17 07:40:56 - INFO - Saving the model
2024-02-17 07:40:57 - INFO - Finished Training
