2024-02-17 07:35:41 - INFO - The configuration is: {'model_params': {'model_name': 'resnet18', 'pretrained': True, 'num_classes': 100}, 'trainig_params': {'batch_size': 64, 'num_epochs': 5, 'learning_rate': 0.001, 'weight_decay': 0.0001, 'momentum': 0.9}, 'run_dir': 'runs', 'data_dir': '/projectnb/ds598/projects/xthomas/data', 'run_path': 'runs/resnet18_bs_64_lr_0.001_wd_0.0001_epochs_5', 'log_file': 'runs/resnet18_bs_64_lr_0.001_wd_0.0001_epochs_5/training.log'}
2024-02-17 07:36:38 - INFO - At Epoch 0: Loss: 2.149, Accuracy: 29.29%
2024-02-17 07:36:42 - INFO - At Epoch 0: Accuracy of the network on the test images: 38.67%
2024-02-17 07:36:42 - INFO - Best Test Accuracy so far: 38.67%
2024-02-17 07:36:42 - INFO - Saving the model
2024-02-17 07:37:34 - INFO - At Epoch 1: Loss: 1.609, Accuracy: 40.86%
2024-02-17 07:37:38 - INFO - At Epoch 1: Accuracy of the network on the test images: 45.74%
2024-02-17 07:37:38 - INFO - Best Test Accuracy so far: 45.74%
2024-02-17 07:37:38 - INFO - Saving the model
2024-02-17 07:38:30 - INFO - At Epoch 2: Loss: 1.457, Accuracy: 46.63%
2024-02-17 07:38:34 - INFO - At Epoch 2: Accuracy of the network on the test images: 50.62%
2024-02-17 07:38:34 - INFO - Best Test Accuracy so far: 50.62%
2024-02-17 07:38:34 - INFO - Saving the model
2024-02-17 07:39:26 - INFO - At Epoch 3: Loss: 1.332, Accuracy: 51.89%
2024-02-17 07:39:30 - INFO - At Epoch 3: Accuracy of the network on the test images: 52.95%
2024-02-17 07:39:30 - INFO - Best Test Accuracy so far: 52.95%
2024-02-17 07:39:30 - INFO - Saving the model
2024-02-17 07:40:19 - INFO - At Epoch 4: Loss: 1.237, Accuracy: 55.38%
2024-02-17 07:40:23 - INFO - At Epoch 4: Accuracy of the network on the test images: 55.09%
2024-02-17 07:40:23 - INFO - Best Test Accuracy so far: 55.09%
2024-02-17 07:40:23 - INFO - Saving the model
2024-02-17 07:40:23 - INFO - Finished Training
